2025-01-22 11:45:49,306 - INFO - Starting simulation with config: /Users/ivareftedal/school/inf202_project/INF202/input.toml
2025-01-22 11:45:49,306 - INFO - Loading configuration from: /Users/ivareftedal/school/inf202_project/INF202/input.toml
2025-01-22 11:45:49,306 - INFO - Configuration file loaded successfully
2025-01-22 11:45:49,306 - INFO - Configuration loaded with all required parameters
2025-01-22 11:45:49,306 - INFO - Using mesh file: bay.msh
2025-01-22 11:45:49,306 - INFO - Simulation parameters: nSteps=500, tStart=0.1, tEnd=0.2
2025-01-22 11:45:49,306 - INFO - Loading mesh from bay.msh
2025-01-22 11:45:49,413 - INFO - Mesh processing completed successfully
2025-01-22 11:45:49,413 - INFO - Initializing simulation data structures
2025-01-22 11:45:49,414 - INFO - Processed 3534 triangular cells
2025-01-22 11:45:49,414 - INFO - Time step size: 0.0002
2025-01-22 11:45:49,414 - INFO - Starting simulation time steps
2025-01-22 11:45:49,446 - INFO - Step 0/500 completed (t=0.100)
2025-01-22 11:45:49,556 - ERROR - Error creating visualization at step 0: Collections can only map rank 1 arrays
2025-01-22 11:45:49,620 - ERROR - Error creating visualization at step 1: Collections can only map rank 1 arrays
2025-01-22 11:45:49,683 - ERROR - Error creating visualization at step 2: Collections can only map rank 1 arrays
2025-01-22 11:45:49,745 - ERROR - Error creating visualization at step 3: Collections can only map rank 1 arrays
2025-01-22 11:45:49,807 - ERROR - Error creating visualization at step 4: Collections can only map rank 1 arrays
2025-01-22 11:45:49,868 - ERROR - Error creating visualization at step 5: Collections can only map rank 1 arrays
2025-01-22 11:45:49,930 - ERROR - Error creating visualization at step 6: Collections can only map rank 1 arrays
2025-01-22 11:45:49,992 - ERROR - Error creating visualization at step 7: Collections can only map rank 1 arrays
2025-01-22 11:45:50,055 - ERROR - Error creating visualization at step 8: Collections can only map rank 1 arrays
2025-01-22 11:45:50,117 - ERROR - Error creating visualization at step 9: Collections can only map rank 1 arrays
2025-01-22 11:45:50,149 - INFO - Step 10/500 completed (t=0.102)
2025-01-22 11:45:50,180 - ERROR - Error creating visualization at step 10: Collections can only map rank 1 arrays
2025-01-22 11:45:50,261 - ERROR - Error creating visualization at step 11: Collections can only map rank 1 arrays
2025-01-22 11:45:50,325 - ERROR - Error creating visualization at step 12: Collections can only map rank 1 arrays
2025-01-22 11:45:50,389 - ERROR - Error creating visualization at step 13: Collections can only map rank 1 arrays
2025-01-22 11:45:50,452 - ERROR - Error creating visualization at step 14: Collections can only map rank 1 arrays
2025-01-22 11:45:50,515 - ERROR - Error creating visualization at step 15: Collections can only map rank 1 arrays
2025-01-22 11:45:50,578 - ERROR - Error creating visualization at step 16: Collections can only map rank 1 arrays
2025-01-22 11:45:50,641 - ERROR - Error creating visualization at step 17: Collections can only map rank 1 arrays
2025-01-22 11:45:50,703 - ERROR - Error creating visualization at step 18: Collections can only map rank 1 arrays
2025-01-22 11:45:50,766 - ERROR - Error creating visualization at step 19: Collections can only map rank 1 arrays
2025-01-22 11:45:50,798 - INFO - Step 20/500 completed (t=0.104)
2025-01-22 11:45:50,830 - ERROR - Error creating visualization at step 20: Collections can only map rank 1 arrays
2025-01-22 11:45:50,921 - ERROR - Error creating visualization at step 21: Collections can only map rank 1 arrays
2025-01-22 11:45:50,986 - ERROR - Error creating visualization at step 22: Collections can only map rank 1 arrays
2025-01-22 11:45:51,049 - ERROR - Error creating visualization at step 23: Collections can only map rank 1 arrays
2025-01-22 11:45:51,114 - ERROR - Error creating visualization at step 24: Collections can only map rank 1 arrays
2025-01-22 11:45:51,181 - ERROR - Error creating visualization at step 25: Collections can only map rank 1 arrays
2025-01-22 11:45:51,244 - ERROR - Error creating visualization at step 26: Collections can only map rank 1 arrays
2025-01-22 11:45:51,306 - ERROR - Error creating visualization at step 27: Collections can only map rank 1 arrays
2025-01-22 11:45:51,368 - ERROR - Error creating visualization at step 28: Collections can only map rank 1 arrays
2025-01-22 11:45:51,431 - ERROR - Error creating visualization at step 29: Collections can only map rank 1 arrays
2025-01-22 11:45:51,463 - INFO - Step 30/500 completed (t=0.106)
2025-01-22 11:45:51,494 - ERROR - Error creating visualization at step 30: Collections can only map rank 1 arrays
2025-01-22 11:45:51,557 - ERROR - Error creating visualization at step 31: Collections can only map rank 1 arrays
2025-01-22 11:45:51,659 - ERROR - Error creating visualization at step 32: Collections can only map rank 1 arrays
2025-01-22 11:45:51,724 - ERROR - Error creating visualization at step 33: Collections can only map rank 1 arrays
2025-01-22 11:45:51,788 - ERROR - Error creating visualization at step 34: Collections can only map rank 1 arrays
2025-01-22 11:45:51,851 - ERROR - Error creating visualization at step 35: Collections can only map rank 1 arrays
2025-01-22 11:45:51,915 - ERROR - Error creating visualization at step 36: Collections can only map rank 1 arrays
2025-01-22 11:45:51,978 - ERROR - Error creating visualization at step 37: Collections can only map rank 1 arrays
2025-01-22 11:45:52,041 - ERROR - Error creating visualization at step 38: Collections can only map rank 1 arrays
2025-01-22 11:45:52,105 - ERROR - Error creating visualization at step 39: Collections can only map rank 1 arrays
2025-01-22 11:45:52,137 - INFO - Step 40/500 completed (t=0.108)
2025-01-22 11:45:52,168 - ERROR - Error creating visualization at step 40: Collections can only map rank 1 arrays
2025-01-22 11:45:52,230 - ERROR - Error creating visualization at step 41: Collections can only map rank 1 arrays
2025-01-22 11:45:52,293 - ERROR - Error creating visualization at step 42: Collections can only map rank 1 arrays
2025-01-22 11:45:52,357 - ERROR - Error creating visualization at step 43: Collections can only map rank 1 arrays
2025-01-22 11:45:52,419 - ERROR - Error creating visualization at step 44: Collections can only map rank 1 arrays
2025-01-22 11:45:52,531 - ERROR - Error creating visualization at step 45: Collections can only map rank 1 arrays
2025-01-22 11:45:52,596 - ERROR - Error creating visualization at step 46: Collections can only map rank 1 arrays
2025-01-22 11:45:52,659 - ERROR - Error creating visualization at step 47: Collections can only map rank 1 arrays
2025-01-22 11:45:52,722 - ERROR - Error creating visualization at step 48: Collections can only map rank 1 arrays
2025-01-22 11:45:52,785 - ERROR - Error creating visualization at step 49: Collections can only map rank 1 arrays
2025-01-22 11:45:52,816 - INFO - Step 50/500 completed (t=0.110)
2025-01-22 11:45:52,847 - ERROR - Error creating visualization at step 50: Collections can only map rank 1 arrays
2025-01-22 11:45:52,909 - ERROR - Error creating visualization at step 51: Collections can only map rank 1 arrays
2025-01-22 11:45:52,971 - ERROR - Error creating visualization at step 52: Collections can only map rank 1 arrays
2025-01-22 11:45:53,034 - ERROR - Error creating visualization at step 53: Collections can only map rank 1 arrays
2025-01-22 11:45:53,096 - ERROR - Error creating visualization at step 54: Collections can only map rank 1 arrays
2025-01-22 11:45:53,158 - ERROR - Error creating visualization at step 55: Collections can only map rank 1 arrays
2025-01-22 11:45:53,220 - ERROR - Error creating visualization at step 56: Collections can only map rank 1 arrays
2025-01-22 11:45:53,283 - ERROR - Error creating visualization at step 57: Collections can only map rank 1 arrays
2025-01-22 11:45:53,345 - ERROR - Error creating visualization at step 58: Collections can only map rank 1 arrays
2025-01-22 11:45:53,406 - ERROR - Error creating visualization at step 59: Collections can only map rank 1 arrays
2025-01-22 11:45:53,438 - INFO - Step 60/500 completed (t=0.112)
2025-01-22 11:45:53,536 - ERROR - Error creating visualization at step 60: Collections can only map rank 1 arrays
2025-01-22 11:45:53,602 - ERROR - Error creating visualization at step 61: Collections can only map rank 1 arrays
2025-01-22 11:45:53,665 - ERROR - Error creating visualization at step 62: Collections can only map rank 1 arrays
2025-01-22 11:45:53,727 - ERROR - Error creating visualization at step 63: Collections can only map rank 1 arrays
2025-01-22 11:45:53,790 - ERROR - Error creating visualization at step 64: Collections can only map rank 1 arrays
2025-01-22 11:45:53,853 - ERROR - Error creating visualization at step 65: Collections can only map rank 1 arrays
2025-01-22 11:45:53,916 - ERROR - Error creating visualization at step 66: Collections can only map rank 1 arrays
2025-01-22 11:45:53,979 - ERROR - Error creating visualization at step 67: Collections can only map rank 1 arrays
2025-01-22 11:45:54,041 - ERROR - Error creating visualization at step 68: Collections can only map rank 1 arrays
2025-01-22 11:45:54,104 - ERROR - Error creating visualization at step 69: Collections can only map rank 1 arrays
2025-01-22 11:45:54,135 - INFO - Step 70/500 completed (t=0.114)
2025-01-22 11:45:54,166 - ERROR - Error creating visualization at step 70: Collections can only map rank 1 arrays
2025-01-22 11:45:54,229 - ERROR - Error creating visualization at step 71: Collections can only map rank 1 arrays
2025-01-22 11:45:54,291 - ERROR - Error creating visualization at step 72: Collections can only map rank 1 arrays
2025-01-22 11:45:54,353 - ERROR - Error creating visualization at step 73: Collections can only map rank 1 arrays
2025-01-22 11:45:54,416 - ERROR - Error creating visualization at step 74: Collections can only map rank 1 arrays
2025-01-22 11:45:54,478 - ERROR - Error creating visualization at step 75: Collections can only map rank 1 arrays
2025-01-22 11:45:54,541 - ERROR - Error creating visualization at step 76: Collections can only map rank 1 arrays
2025-01-22 11:45:54,604 - ERROR - Error creating visualization at step 77: Collections can only map rank 1 arrays
2025-01-22 11:45:54,667 - ERROR - Error creating visualization at step 78: Collections can only map rank 1 arrays
2025-01-22 11:45:54,824 - ERROR - Error creating visualization at step 79: Collections can only map rank 1 arrays
2025-01-22 11:45:54,857 - INFO - Step 80/500 completed (t=0.116)
2025-01-22 11:45:54,889 - ERROR - Error creating visualization at step 80: Collections can only map rank 1 arrays
2025-01-22 11:45:54,952 - ERROR - Error creating visualization at step 81: Collections can only map rank 1 arrays
2025-01-22 11:45:55,015 - ERROR - Error creating visualization at step 82: Collections can only map rank 1 arrays
2025-01-22 11:45:55,079 - ERROR - Error creating visualization at step 83: Collections can only map rank 1 arrays
2025-01-22 11:45:55,142 - ERROR - Error creating visualization at step 84: Collections can only map rank 1 arrays
2025-01-22 11:45:55,205 - ERROR - Error creating visualization at step 85: Collections can only map rank 1 arrays
2025-01-22 11:45:55,267 - ERROR - Error creating visualization at step 86: Collections can only map rank 1 arrays
2025-01-22 11:45:55,330 - ERROR - Error creating visualization at step 87: Collections can only map rank 1 arrays
2025-01-22 11:45:55,392 - ERROR - Error creating visualization at step 88: Collections can only map rank 1 arrays
2025-01-22 11:45:55,454 - ERROR - Error creating visualization at step 89: Collections can only map rank 1 arrays
2025-01-22 11:45:55,485 - INFO - Step 90/500 completed (t=0.118)
2025-01-22 11:45:55,516 - ERROR - Error creating visualization at step 90: Collections can only map rank 1 arrays
2025-01-22 11:45:55,578 - ERROR - Error creating visualization at step 91: Collections can only map rank 1 arrays
2025-01-22 11:45:55,640 - ERROR - Error creating visualization at step 92: Collections can only map rank 1 arrays
2025-01-22 11:45:55,704 - ERROR - Error creating visualization at step 93: Collections can only map rank 1 arrays
2025-01-22 11:45:55,767 - ERROR - Error creating visualization at step 94: Collections can only map rank 1 arrays
2025-01-22 11:45:55,830 - ERROR - Error creating visualization at step 95: Collections can only map rank 1 arrays
2025-01-22 11:45:55,895 - ERROR - Error creating visualization at step 96: Collections can only map rank 1 arrays
2025-01-22 11:45:55,958 - ERROR - Error creating visualization at step 97: Collections can only map rank 1 arrays
2025-01-22 11:45:56,020 - ERROR - Error creating visualization at step 98: Collections can only map rank 1 arrays
2025-01-22 11:45:56,083 - ERROR - Error creating visualization at step 99: Collections can only map rank 1 arrays
2025-01-22 11:45:56,115 - INFO - Step 100/500 completed (t=0.120)
2025-01-22 11:45:56,147 - ERROR - Error creating visualization at step 100: Collections can only map rank 1 arrays
2025-01-22 11:45:56,210 - ERROR - Error creating visualization at step 101: Collections can only map rank 1 arrays
2025-01-22 11:45:56,274 - ERROR - Error creating visualization at step 102: Collections can only map rank 1 arrays
2025-01-22 11:45:56,468 - ERROR - Error creating visualization at step 103: Collections can only map rank 1 arrays
2025-01-22 11:45:56,533 - ERROR - Error creating visualization at step 104: Collections can only map rank 1 arrays
2025-01-22 11:45:56,597 - ERROR - Error creating visualization at step 105: Collections can only map rank 1 arrays
2025-01-22 11:45:56,660 - ERROR - Error creating visualization at step 106: Collections can only map rank 1 arrays
2025-01-22 11:45:56,723 - ERROR - Error creating visualization at step 107: Collections can only map rank 1 arrays
2025-01-22 11:45:56,786 - ERROR - Error creating visualization at step 108: Collections can only map rank 1 arrays
2025-01-22 11:45:56,849 - ERROR - Error creating visualization at step 109: Collections can only map rank 1 arrays
2025-01-22 11:45:56,882 - INFO - Step 110/500 completed (t=0.122)
2025-01-22 11:45:56,913 - ERROR - Error creating visualization at step 110: Collections can only map rank 1 arrays
2025-01-22 11:45:56,976 - ERROR - Error creating visualization at step 111: Collections can only map rank 1 arrays
2025-01-22 11:45:57,039 - ERROR - Error creating visualization at step 112: Collections can only map rank 1 arrays
2025-01-22 11:45:57,102 - ERROR - Error creating visualization at step 113: Collections can only map rank 1 arrays
2025-01-22 11:45:57,164 - ERROR - Error creating visualization at step 114: Collections can only map rank 1 arrays
2025-01-22 11:45:57,227 - ERROR - Error creating visualization at step 115: Collections can only map rank 1 arrays
2025-01-22 11:45:57,290 - ERROR - Error creating visualization at step 116: Collections can only map rank 1 arrays
2025-01-22 11:45:57,354 - ERROR - Error creating visualization at step 117: Collections can only map rank 1 arrays
2025-01-22 11:45:57,417 - ERROR - Error creating visualization at step 118: Collections can only map rank 1 arrays
2025-01-22 11:45:57,481 - ERROR - Error creating visualization at step 119: Collections can only map rank 1 arrays
2025-01-22 11:45:57,513 - INFO - Step 120/500 completed (t=0.124)
2025-01-22 11:45:57,544 - ERROR - Error creating visualization at step 120: Collections can only map rank 1 arrays
2025-01-22 11:45:57,607 - ERROR - Error creating visualization at step 121: Collections can only map rank 1 arrays
2025-01-22 11:45:57,671 - ERROR - Error creating visualization at step 122: Collections can only map rank 1 arrays
2025-01-22 11:45:57,734 - ERROR - Error creating visualization at step 123: Collections can only map rank 1 arrays
2025-01-22 11:45:57,797 - ERROR - Error creating visualization at step 124: Collections can only map rank 1 arrays
2025-01-22 11:45:57,859 - ERROR - Error creating visualization at step 125: Collections can only map rank 1 arrays
2025-01-22 11:45:57,921 - ERROR - Error creating visualization at step 126: Collections can only map rank 1 arrays
2025-01-22 11:45:57,983 - ERROR - Error creating visualization at step 127: Collections can only map rank 1 arrays
2025-01-22 11:45:58,052 - ERROR - Error creating visualization at step 128: Collections can only map rank 1 arrays
2025-01-22 11:45:58,120 - ERROR - Error creating visualization at step 129: Collections can only map rank 1 arrays
2025-01-22 11:45:58,153 - INFO - Step 130/500 completed (t=0.126)
2025-01-22 11:45:58,186 - ERROR - Error creating visualization at step 130: Collections can only map rank 1 arrays
2025-01-22 11:45:58,250 - ERROR - Error creating visualization at step 131: Collections can only map rank 1 arrays
2025-01-22 11:45:58,313 - ERROR - Error creating visualization at step 132: Collections can only map rank 1 arrays
2025-01-22 11:45:58,549 - ERROR - Error creating visualization at step 133: Collections can only map rank 1 arrays
2025-01-22 11:45:58,620 - ERROR - Error creating visualization at step 134: Collections can only map rank 1 arrays
2025-01-22 11:45:58,687 - ERROR - Error creating visualization at step 135: Collections can only map rank 1 arrays
2025-01-22 11:45:58,749 - ERROR - Error creating visualization at step 136: Collections can only map rank 1 arrays
2025-01-22 11:45:58,812 - ERROR - Error creating visualization at step 137: Collections can only map rank 1 arrays
2025-01-22 11:45:58,875 - ERROR - Error creating visualization at step 138: Collections can only map rank 1 arrays
2025-01-22 11:45:58,938 - ERROR - Error creating visualization at step 139: Collections can only map rank 1 arrays
2025-01-22 11:45:58,970 - INFO - Step 140/500 completed (t=0.128)
2025-01-22 11:45:59,001 - ERROR - Error creating visualization at step 140: Collections can only map rank 1 arrays
2025-01-22 11:45:59,064 - ERROR - Error creating visualization at step 141: Collections can only map rank 1 arrays
2025-01-22 11:45:59,128 - ERROR - Error creating visualization at step 142: Collections can only map rank 1 arrays
2025-01-22 11:45:59,191 - ERROR - Error creating visualization at step 143: Collections can only map rank 1 arrays
2025-01-22 11:45:59,254 - ERROR - Error creating visualization at step 144: Collections can only map rank 1 arrays
2025-01-22 11:45:59,317 - ERROR - Error creating visualization at step 145: Collections can only map rank 1 arrays
2025-01-22 11:45:59,380 - ERROR - Error creating visualization at step 146: Collections can only map rank 1 arrays
2025-01-22 11:45:59,443 - ERROR - Error creating visualization at step 147: Collections can only map rank 1 arrays
2025-01-22 11:45:59,506 - ERROR - Error creating visualization at step 148: Collections can only map rank 1 arrays
2025-01-22 11:45:59,568 - ERROR - Error creating visualization at step 149: Collections can only map rank 1 arrays
2025-01-22 11:45:59,600 - INFO - Step 150/500 completed (t=0.130)
2025-01-22 11:45:59,630 - ERROR - Error creating visualization at step 150: Collections can only map rank 1 arrays
2025-01-22 11:45:59,693 - ERROR - Error creating visualization at step 151: Collections can only map rank 1 arrays
2025-01-22 11:45:59,755 - ERROR - Error creating visualization at step 152: Collections can only map rank 1 arrays
2025-01-22 11:45:59,818 - ERROR - Error creating visualization at step 153: Collections can only map rank 1 arrays
2025-01-22 11:45:59,882 - ERROR - Error creating visualization at step 154: Collections can only map rank 1 arrays
2025-01-22 11:45:59,945 - ERROR - Error creating visualization at step 155: Collections can only map rank 1 arrays
2025-01-22 11:46:00,012 - ERROR - Error creating visualization at step 156: Collections can only map rank 1 arrays
2025-01-22 11:46:00,081 - ERROR - Error creating visualization at step 157: Collections can only map rank 1 arrays
2025-01-22 11:46:00,148 - ERROR - Error creating visualization at step 158: Collections can only map rank 1 arrays
2025-01-22 11:46:00,213 - ERROR - Error creating visualization at step 159: Collections can only map rank 1 arrays
2025-01-22 11:46:00,245 - INFO - Step 160/500 completed (t=0.132)
2025-01-22 11:46:00,276 - ERROR - Error creating visualization at step 160: Collections can only map rank 1 arrays
2025-01-22 11:46:00,339 - ERROR - Error creating visualization at step 161: Collections can only map rank 1 arrays
2025-01-22 11:46:00,401 - ERROR - Error creating visualization at step 162: Collections can only map rank 1 arrays
2025-01-22 11:46:00,463 - ERROR - Error creating visualization at step 163: Collections can only map rank 1 arrays
2025-01-22 11:46:00,527 - ERROR - Error creating visualization at step 164: Collections can only map rank 1 arrays
2025-01-22 11:46:00,590 - ERROR - Error creating visualization at step 165: Collections can only map rank 1 arrays
2025-01-22 11:46:00,653 - ERROR - Error creating visualization at step 166: Collections can only map rank 1 arrays
2025-01-22 11:46:00,717 - ERROR - Error creating visualization at step 167: Collections can only map rank 1 arrays
2025-01-22 11:46:00,780 - ERROR - Error creating visualization at step 168: Collections can only map rank 1 arrays
2025-01-22 11:46:00,844 - ERROR - Error creating visualization at step 169: Collections can only map rank 1 arrays
2025-01-22 11:46:00,875 - INFO - Step 170/500 completed (t=0.134)
2025-01-22 11:46:00,907 - ERROR - Error creating visualization at step 170: Collections can only map rank 1 arrays
2025-01-22 11:46:01,200 - ERROR - Error creating visualization at step 171: Collections can only map rank 1 arrays
2025-01-22 11:46:01,265 - ERROR - Error creating visualization at step 172: Collections can only map rank 1 arrays
2025-01-22 11:46:01,329 - ERROR - Error creating visualization at step 173: Collections can only map rank 1 arrays
2025-01-22 11:46:01,393 - ERROR - Error creating visualization at step 174: Collections can only map rank 1 arrays
2025-01-22 11:46:01,456 - ERROR - Error creating visualization at step 175: Collections can only map rank 1 arrays
2025-01-22 11:46:01,519 - ERROR - Error creating visualization at step 176: Collections can only map rank 1 arrays
2025-01-22 11:46:01,582 - ERROR - Error creating visualization at step 177: Collections can only map rank 1 arrays
2025-01-22 11:46:01,645 - ERROR - Error creating visualization at step 178: Collections can only map rank 1 arrays
2025-01-22 11:46:01,708 - ERROR - Error creating visualization at step 179: Collections can only map rank 1 arrays
2025-01-22 11:46:01,740 - INFO - Step 180/500 completed (t=0.136)
2025-01-22 11:46:01,771 - ERROR - Error creating visualization at step 180: Collections can only map rank 1 arrays
2025-01-22 11:46:01,834 - ERROR - Error creating visualization at step 181: Collections can only map rank 1 arrays
2025-01-22 11:46:01,897 - ERROR - Error creating visualization at step 182: Collections can only map rank 1 arrays
2025-01-22 11:46:01,960 - ERROR - Error creating visualization at step 183: Collections can only map rank 1 arrays
2025-01-22 11:46:02,023 - ERROR - Error creating visualization at step 184: Collections can only map rank 1 arrays
2025-01-22 11:46:02,086 - ERROR - Error creating visualization at step 185: Collections can only map rank 1 arrays
2025-01-22 11:46:02,150 - ERROR - Error creating visualization at step 186: Collections can only map rank 1 arrays
2025-01-22 11:46:02,213 - ERROR - Error creating visualization at step 187: Collections can only map rank 1 arrays
2025-01-22 11:46:02,278 - ERROR - Error creating visualization at step 188: Collections can only map rank 1 arrays
2025-01-22 11:46:02,341 - ERROR - Error creating visualization at step 189: Collections can only map rank 1 arrays
2025-01-22 11:46:02,373 - INFO - Step 190/500 completed (t=0.138)
2025-01-22 11:46:02,405 - ERROR - Error creating visualization at step 190: Collections can only map rank 1 arrays
2025-01-22 11:46:02,468 - ERROR - Error creating visualization at step 191: Collections can only map rank 1 arrays
2025-01-22 11:46:02,531 - ERROR - Error creating visualization at step 192: Collections can only map rank 1 arrays
2025-01-22 11:46:02,594 - ERROR - Error creating visualization at step 193: Collections can only map rank 1 arrays
2025-01-22 11:46:02,661 - ERROR - Error creating visualization at step 194: Collections can only map rank 1 arrays
2025-01-22 11:46:02,725 - ERROR - Error creating visualization at step 195: Collections can only map rank 1 arrays
2025-01-22 11:46:02,790 - ERROR - Error creating visualization at step 196: Collections can only map rank 1 arrays
2025-01-22 11:46:02,855 - ERROR - Error creating visualization at step 197: Collections can only map rank 1 arrays
2025-01-22 11:46:02,921 - ERROR - Error creating visualization at step 198: Collections can only map rank 1 arrays
2025-01-22 11:46:02,988 - ERROR - Error creating visualization at step 199: Collections can only map rank 1 arrays
2025-01-22 11:46:03,020 - INFO - Step 200/500 completed (t=0.140)
2025-01-22 11:46:03,052 - ERROR - Error creating visualization at step 200: Collections can only map rank 1 arrays
2025-01-22 11:46:03,115 - ERROR - Error creating visualization at step 201: Collections can only map rank 1 arrays
2025-01-22 11:46:03,178 - ERROR - Error creating visualization at step 202: Collections can only map rank 1 arrays
2025-01-22 11:46:03,241 - ERROR - Error creating visualization at step 203: Collections can only map rank 1 arrays
2025-01-22 11:46:03,304 - ERROR - Error creating visualization at step 204: Collections can only map rank 1 arrays
2025-01-22 11:46:03,367 - ERROR - Error creating visualization at step 205: Collections can only map rank 1 arrays
2025-01-22 11:46:03,430 - ERROR - Error creating visualization at step 206: Collections can only map rank 1 arrays
2025-01-22 11:46:03,493 - ERROR - Error creating visualization at step 207: Collections can only map rank 1 arrays
2025-01-22 11:46:03,556 - ERROR - Error creating visualization at step 208: Collections can only map rank 1 arrays
2025-01-22 11:46:03,619 - ERROR - Error creating visualization at step 209: Collections can only map rank 1 arrays
2025-01-22 11:46:03,651 - INFO - Step 210/500 completed (t=0.142)
2025-01-22 11:46:03,682 - ERROR - Error creating visualization at step 210: Collections can only map rank 1 arrays
2025-01-22 11:46:03,744 - ERROR - Error creating visualization at step 211: Collections can only map rank 1 arrays
2025-01-22 11:46:03,807 - ERROR - Error creating visualization at step 212: Collections can only map rank 1 arrays
2025-01-22 11:46:03,871 - ERROR - Error creating visualization at step 213: Collections can only map rank 1 arrays
2025-01-22 11:46:03,934 - ERROR - Error creating visualization at step 214: Collections can only map rank 1 arrays
2025-01-22 11:46:03,997 - ERROR - Error creating visualization at step 215: Collections can only map rank 1 arrays
2025-01-22 11:46:04,062 - ERROR - Error creating visualization at step 216: Collections can only map rank 1 arrays
2025-01-22 11:46:04,411 - ERROR - Error creating visualization at step 217: Collections can only map rank 1 arrays
2025-01-22 11:46:04,477 - ERROR - Error creating visualization at step 218: Collections can only map rank 1 arrays
2025-01-22 11:46:04,541 - ERROR - Error creating visualization at step 219: Collections can only map rank 1 arrays
2025-01-22 11:46:04,573 - INFO - Step 220/500 completed (t=0.144)
2025-01-22 11:46:04,605 - ERROR - Error creating visualization at step 220: Collections can only map rank 1 arrays
2025-01-22 11:46:04,669 - ERROR - Error creating visualization at step 221: Collections can only map rank 1 arrays
2025-01-22 11:46:04,732 - ERROR - Error creating visualization at step 222: Collections can only map rank 1 arrays
2025-01-22 11:46:04,795 - ERROR - Error creating visualization at step 223: Collections can only map rank 1 arrays
2025-01-22 11:46:04,858 - ERROR - Error creating visualization at step 224: Collections can only map rank 1 arrays
2025-01-22 11:46:04,921 - ERROR - Error creating visualization at step 225: Collections can only map rank 1 arrays
2025-01-22 11:46:04,984 - ERROR - Error creating visualization at step 226: Collections can only map rank 1 arrays
2025-01-22 11:46:05,048 - ERROR - Error creating visualization at step 227: Collections can only map rank 1 arrays
2025-01-22 11:46:05,111 - ERROR - Error creating visualization at step 228: Collections can only map rank 1 arrays
2025-01-22 11:46:05,174 - ERROR - Error creating visualization at step 229: Collections can only map rank 1 arrays
2025-01-22 11:46:05,205 - INFO - Step 230/500 completed (t=0.146)
2025-01-22 11:46:05,237 - ERROR - Error creating visualization at step 230: Collections can only map rank 1 arrays
2025-01-22 11:46:05,300 - ERROR - Error creating visualization at step 231: Collections can only map rank 1 arrays
2025-01-22 11:46:05,364 - ERROR - Error creating visualization at step 232: Collections can only map rank 1 arrays
2025-01-22 11:46:05,427 - ERROR - Error creating visualization at step 233: Collections can only map rank 1 arrays
2025-01-22 11:46:05,490 - ERROR - Error creating visualization at step 234: Collections can only map rank 1 arrays
2025-01-22 11:46:05,555 - ERROR - Error creating visualization at step 235: Collections can only map rank 1 arrays
2025-01-22 11:46:05,623 - ERROR - Error creating visualization at step 236: Collections can only map rank 1 arrays
2025-01-22 11:46:05,686 - ERROR - Error creating visualization at step 237: Collections can only map rank 1 arrays
2025-01-22 11:46:05,750 - ERROR - Error creating visualization at step 238: Collections can only map rank 1 arrays
2025-01-22 11:46:05,814 - ERROR - Error creating visualization at step 239: Collections can only map rank 1 arrays
2025-01-22 11:46:05,846 - INFO - Step 240/500 completed (t=0.148)
2025-01-22 11:46:05,877 - ERROR - Error creating visualization at step 240: Collections can only map rank 1 arrays
2025-01-22 11:46:05,941 - ERROR - Error creating visualization at step 241: Collections can only map rank 1 arrays
2025-01-22 11:46:06,004 - ERROR - Error creating visualization at step 242: Collections can only map rank 1 arrays
2025-01-22 11:46:06,067 - ERROR - Error creating visualization at step 243: Collections can only map rank 1 arrays
2025-01-22 11:46:06,130 - ERROR - Error creating visualization at step 244: Collections can only map rank 1 arrays
2025-01-22 11:46:06,193 - ERROR - Error creating visualization at step 245: Collections can only map rank 1 arrays
2025-01-22 11:46:06,256 - ERROR - Error creating visualization at step 246: Collections can only map rank 1 arrays
2025-01-22 11:46:06,319 - ERROR - Error creating visualization at step 247: Collections can only map rank 1 arrays
2025-01-22 11:46:06,382 - ERROR - Error creating visualization at step 248: Collections can only map rank 1 arrays
2025-01-22 11:46:06,446 - ERROR - Error creating visualization at step 249: Collections can only map rank 1 arrays
2025-01-22 11:46:06,478 - INFO - Step 250/500 completed (t=0.150)
2025-01-22 11:46:06,510 - ERROR - Error creating visualization at step 250: Collections can only map rank 1 arrays
2025-01-22 11:46:06,573 - ERROR - Error creating visualization at step 251: Collections can only map rank 1 arrays
2025-01-22 11:46:06,636 - ERROR - Error creating visualization at step 252: Collections can only map rank 1 arrays
2025-01-22 11:46:06,700 - ERROR - Error creating visualization at step 253: Collections can only map rank 1 arrays
2025-01-22 11:46:06,764 - ERROR - Error creating visualization at step 254: Collections can only map rank 1 arrays
2025-01-22 11:46:06,828 - ERROR - Error creating visualization at step 255: Collections can only map rank 1 arrays
2025-01-22 11:46:06,892 - ERROR - Error creating visualization at step 256: Collections can only map rank 1 arrays
2025-01-22 11:46:06,955 - ERROR - Error creating visualization at step 257: Collections can only map rank 1 arrays
2025-01-22 11:46:07,018 - ERROR - Error creating visualization at step 258: Collections can only map rank 1 arrays
2025-01-22 11:46:07,082 - ERROR - Error creating visualization at step 259: Collections can only map rank 1 arrays
2025-01-22 11:46:07,114 - INFO - Step 260/500 completed (t=0.152)
2025-01-22 11:46:07,147 - ERROR - Error creating visualization at step 260: Collections can only map rank 1 arrays
2025-01-22 11:46:07,211 - ERROR - Error creating visualization at step 261: Collections can only map rank 1 arrays
2025-01-22 11:46:07,274 - ERROR - Error creating visualization at step 262: Collections can only map rank 1 arrays
2025-01-22 11:46:07,338 - ERROR - Error creating visualization at step 263: Collections can only map rank 1 arrays
2025-01-22 11:46:07,401 - ERROR - Error creating visualization at step 264: Collections can only map rank 1 arrays
2025-01-22 11:46:07,464 - ERROR - Error creating visualization at step 265: Collections can only map rank 1 arrays
2025-01-22 11:46:07,527 - ERROR - Error creating visualization at step 266: Collections can only map rank 1 arrays
2025-01-22 11:46:07,591 - ERROR - Error creating visualization at step 267: Collections can only map rank 1 arrays
2025-01-22 11:46:07,657 - ERROR - Error creating visualization at step 268: Collections can only map rank 1 arrays
2025-01-22 11:46:07,721 - ERROR - Error creating visualization at step 269: Collections can only map rank 1 arrays
2025-01-22 11:46:07,753 - INFO - Step 270/500 completed (t=0.154)
2025-01-22 11:46:07,785 - ERROR - Error creating visualization at step 270: Collections can only map rank 1 arrays
2025-01-22 11:46:07,848 - ERROR - Error creating visualization at step 271: Collections can only map rank 1 arrays
2025-01-22 11:46:07,911 - ERROR - Error creating visualization at step 272: Collections can only map rank 1 arrays
2025-01-22 11:46:07,974 - ERROR - Error creating visualization at step 273: Collections can only map rank 1 arrays
2025-01-22 11:46:08,037 - ERROR - Error creating visualization at step 274: Collections can only map rank 1 arrays
2025-01-22 11:46:08,470 - ERROR - Error creating visualization at step 275: Collections can only map rank 1 arrays
2025-01-22 11:46:08,535 - ERROR - Error creating visualization at step 276: Collections can only map rank 1 arrays
2025-01-22 11:46:08,599 - ERROR - Error creating visualization at step 277: Collections can only map rank 1 arrays
2025-01-22 11:46:08,662 - ERROR - Error creating visualization at step 278: Collections can only map rank 1 arrays
2025-01-22 11:46:08,725 - ERROR - Error creating visualization at step 279: Collections can only map rank 1 arrays
2025-01-22 11:46:08,756 - INFO - Step 280/500 completed (t=0.156)
2025-01-22 11:46:08,788 - ERROR - Error creating visualization at step 280: Collections can only map rank 1 arrays
2025-01-22 11:46:08,857 - ERROR - Error creating visualization at step 281: Collections can only map rank 1 arrays
2025-01-22 11:46:08,924 - ERROR - Error creating visualization at step 282: Collections can only map rank 1 arrays
2025-01-22 11:46:08,990 - ERROR - Error creating visualization at step 283: Collections can only map rank 1 arrays
2025-01-22 11:46:09,054 - ERROR - Error creating visualization at step 284: Collections can only map rank 1 arrays
2025-01-22 11:46:09,118 - ERROR - Error creating visualization at step 285: Collections can only map rank 1 arrays
2025-01-22 11:46:09,182 - ERROR - Error creating visualization at step 286: Collections can only map rank 1 arrays
2025-01-22 11:46:09,244 - ERROR - Error creating visualization at step 287: Collections can only map rank 1 arrays
2025-01-22 11:46:09,307 - ERROR - Error creating visualization at step 288: Collections can only map rank 1 arrays
2025-01-22 11:46:09,370 - ERROR - Error creating visualization at step 289: Collections can only map rank 1 arrays
2025-01-22 11:46:09,402 - INFO - Step 290/500 completed (t=0.158)
2025-01-22 11:46:09,434 - ERROR - Error creating visualization at step 290: Collections can only map rank 1 arrays
2025-01-22 11:46:09,498 - ERROR - Error creating visualization at step 291: Collections can only map rank 1 arrays
2025-01-22 11:46:09,563 - ERROR - Error creating visualization at step 292: Collections can only map rank 1 arrays
2025-01-22 11:46:09,626 - ERROR - Error creating visualization at step 293: Collections can only map rank 1 arrays
2025-01-22 11:46:09,689 - ERROR - Error creating visualization at step 294: Collections can only map rank 1 arrays
2025-01-22 11:46:09,752 - ERROR - Error creating visualization at step 295: Collections can only map rank 1 arrays
2025-01-22 11:46:09,818 - ERROR - Error creating visualization at step 296: Collections can only map rank 1 arrays
2025-01-22 11:46:09,883 - ERROR - Error creating visualization at step 297: Collections can only map rank 1 arrays
2025-01-22 11:46:09,946 - ERROR - Error creating visualization at step 298: Collections can only map rank 1 arrays
2025-01-22 11:46:10,009 - ERROR - Error creating visualization at step 299: Collections can only map rank 1 arrays
2025-01-22 11:46:10,041 - INFO - Step 300/500 completed (t=0.160)
2025-01-22 11:46:10,073 - ERROR - Error creating visualization at step 300: Collections can only map rank 1 arrays
2025-01-22 11:46:10,136 - ERROR - Error creating visualization at step 301: Collections can only map rank 1 arrays
2025-01-22 11:46:10,199 - ERROR - Error creating visualization at step 302: Collections can only map rank 1 arrays
2025-01-22 11:46:10,263 - ERROR - Error creating visualization at step 303: Collections can only map rank 1 arrays
2025-01-22 11:46:10,326 - ERROR - Error creating visualization at step 304: Collections can only map rank 1 arrays
2025-01-22 11:46:10,389 - ERROR - Error creating visualization at step 305: Collections can only map rank 1 arrays
2025-01-22 11:46:10,452 - ERROR - Error creating visualization at step 306: Collections can only map rank 1 arrays
2025-01-22 11:46:10,516 - ERROR - Error creating visualization at step 307: Collections can only map rank 1 arrays
2025-01-22 11:46:10,579 - ERROR - Error creating visualization at step 308: Collections can only map rank 1 arrays
2025-01-22 11:46:10,643 - ERROR - Error creating visualization at step 309: Collections can only map rank 1 arrays
2025-01-22 11:46:10,675 - INFO - Step 310/500 completed (t=0.162)
2025-01-22 11:46:10,706 - ERROR - Error creating visualization at step 310: Collections can only map rank 1 arrays
2025-01-22 11:46:10,769 - ERROR - Error creating visualization at step 311: Collections can only map rank 1 arrays
2025-01-22 11:46:10,834 - ERROR - Error creating visualization at step 312: Collections can only map rank 1 arrays
2025-01-22 11:46:10,898 - ERROR - Error creating visualization at step 313: Collections can only map rank 1 arrays
2025-01-22 11:46:10,961 - ERROR - Error creating visualization at step 314: Collections can only map rank 1 arrays
2025-01-22 11:46:11,025 - ERROR - Error creating visualization at step 315: Collections can only map rank 1 arrays
2025-01-22 11:46:11,088 - ERROR - Error creating visualization at step 316: Collections can only map rank 1 arrays
2025-01-22 11:46:11,152 - ERROR - Error creating visualization at step 317: Collections can only map rank 1 arrays
2025-01-22 11:46:11,216 - ERROR - Error creating visualization at step 318: Collections can only map rank 1 arrays
2025-01-22 11:46:11,279 - ERROR - Error creating visualization at step 319: Collections can only map rank 1 arrays
2025-01-22 11:46:11,311 - INFO - Step 320/500 completed (t=0.164)
2025-01-22 11:46:11,342 - ERROR - Error creating visualization at step 320: Collections can only map rank 1 arrays
2025-01-22 11:46:11,406 - ERROR - Error creating visualization at step 321: Collections can only map rank 1 arrays
2025-01-22 11:46:11,469 - ERROR - Error creating visualization at step 322: Collections can only map rank 1 arrays
2025-01-22 11:46:11,532 - ERROR - Error creating visualization at step 323: Collections can only map rank 1 arrays
2025-01-22 11:46:11,596 - ERROR - Error creating visualization at step 324: Collections can only map rank 1 arrays
2025-01-22 11:46:11,660 - ERROR - Error creating visualization at step 325: Collections can only map rank 1 arrays
2025-01-22 11:46:11,724 - ERROR - Error creating visualization at step 326: Collections can only map rank 1 arrays
2025-01-22 11:46:11,787 - ERROR - Error creating visualization at step 327: Collections can only map rank 1 arrays
2025-01-22 11:46:11,852 - ERROR - Error creating visualization at step 328: Collections can only map rank 1 arrays
2025-01-22 11:46:11,914 - ERROR - Error creating visualization at step 329: Collections can only map rank 1 arrays
2025-01-22 11:46:11,946 - INFO - Step 330/500 completed (t=0.166)
2025-01-22 11:46:11,978 - ERROR - Error creating visualization at step 330: Collections can only map rank 1 arrays
2025-01-22 11:46:12,041 - ERROR - Error creating visualization at step 331: Collections can only map rank 1 arrays
2025-01-22 11:46:12,104 - ERROR - Error creating visualization at step 332: Collections can only map rank 1 arrays
2025-01-22 11:46:12,167 - ERROR - Error creating visualization at step 333: Collections can only map rank 1 arrays
2025-01-22 11:46:12,232 - ERROR - Error creating visualization at step 334: Collections can only map rank 1 arrays
2025-01-22 11:46:12,296 - ERROR - Error creating visualization at step 335: Collections can only map rank 1 arrays
2025-01-22 11:46:12,359 - ERROR - Error creating visualization at step 336: Collections can only map rank 1 arrays
2025-01-22 11:46:12,423 - ERROR - Error creating visualization at step 337: Collections can only map rank 1 arrays
2025-01-22 11:46:12,491 - ERROR - Error creating visualization at step 338: Collections can only map rank 1 arrays
2025-01-22 11:46:12,557 - ERROR - Error creating visualization at step 339: Collections can only map rank 1 arrays
2025-01-22 11:46:12,588 - INFO - Step 340/500 completed (t=0.168)
2025-01-22 11:46:12,621 - ERROR - Error creating visualization at step 340: Collections can only map rank 1 arrays
2025-01-22 11:46:12,684 - ERROR - Error creating visualization at step 341: Collections can only map rank 1 arrays
2025-01-22 11:46:12,748 - ERROR - Error creating visualization at step 342: Collections can only map rank 1 arrays
2025-01-22 11:46:12,811 - ERROR - Error creating visualization at step 343: Collections can only map rank 1 arrays
2025-01-22 11:46:12,875 - ERROR - Error creating visualization at step 344: Collections can only map rank 1 arrays
2025-01-22 11:46:12,938 - ERROR - Error creating visualization at step 345: Collections can only map rank 1 arrays
2025-01-22 11:46:13,002 - ERROR - Error creating visualization at step 346: Collections can only map rank 1 arrays
2025-01-22 11:46:13,523 - ERROR - Error creating visualization at step 347: Collections can only map rank 1 arrays
2025-01-22 11:46:13,589 - ERROR - Error creating visualization at step 348: Collections can only map rank 1 arrays
2025-01-22 11:46:13,655 - ERROR - Error creating visualization at step 349: Collections can only map rank 1 arrays
2025-01-22 11:46:13,687 - INFO - Step 350/500 completed (t=0.170)
2025-01-22 11:46:13,719 - ERROR - Error creating visualization at step 350: Collections can only map rank 1 arrays
2025-01-22 11:46:13,783 - ERROR - Error creating visualization at step 351: Collections can only map rank 1 arrays
2025-01-22 11:46:13,847 - ERROR - Error creating visualization at step 352: Collections can only map rank 1 arrays
2025-01-22 11:46:13,910 - ERROR - Error creating visualization at step 353: Collections can only map rank 1 arrays
2025-01-22 11:46:13,973 - ERROR - Error creating visualization at step 354: Collections can only map rank 1 arrays
2025-01-22 11:46:14,037 - ERROR - Error creating visualization at step 355: Collections can only map rank 1 arrays
2025-01-22 11:46:14,100 - ERROR - Error creating visualization at step 356: Collections can only map rank 1 arrays
2025-01-22 11:46:14,164 - ERROR - Error creating visualization at step 357: Collections can only map rank 1 arrays
2025-01-22 11:46:14,228 - ERROR - Error creating visualization at step 358: Collections can only map rank 1 arrays
2025-01-22 11:46:14,291 - ERROR - Error creating visualization at step 359: Collections can only map rank 1 arrays
2025-01-22 11:46:14,323 - INFO - Step 360/500 completed (t=0.172)
2025-01-22 11:46:14,355 - ERROR - Error creating visualization at step 360: Collections can only map rank 1 arrays
2025-01-22 11:46:14,418 - ERROR - Error creating visualization at step 361: Collections can only map rank 1 arrays
2025-01-22 11:46:14,481 - ERROR - Error creating visualization at step 362: Collections can only map rank 1 arrays
2025-01-22 11:46:14,544 - ERROR - Error creating visualization at step 363: Collections can only map rank 1 arrays
2025-01-22 11:46:14,608 - ERROR - Error creating visualization at step 364: Collections can only map rank 1 arrays
2025-01-22 11:46:14,674 - ERROR - Error creating visualization at step 365: Collections can only map rank 1 arrays
2025-01-22 11:46:14,738 - ERROR - Error creating visualization at step 366: Collections can only map rank 1 arrays
2025-01-22 11:46:14,801 - ERROR - Error creating visualization at step 367: Collections can only map rank 1 arrays
2025-01-22 11:46:14,866 - ERROR - Error creating visualization at step 368: Collections can only map rank 1 arrays
2025-01-22 11:46:14,930 - ERROR - Error creating visualization at step 369: Collections can only map rank 1 arrays
2025-01-22 11:46:14,961 - INFO - Step 370/500 completed (t=0.174)
2025-01-22 11:46:14,994 - ERROR - Error creating visualization at step 370: Collections can only map rank 1 arrays
2025-01-22 11:46:15,057 - ERROR - Error creating visualization at step 371: Collections can only map rank 1 arrays
2025-01-22 11:46:15,120 - ERROR - Error creating visualization at step 372: Collections can only map rank 1 arrays
2025-01-22 11:46:15,184 - ERROR - Error creating visualization at step 373: Collections can only map rank 1 arrays
2025-01-22 11:46:15,247 - ERROR - Error creating visualization at step 374: Collections can only map rank 1 arrays
2025-01-22 11:46:15,311 - ERROR - Error creating visualization at step 375: Collections can only map rank 1 arrays
2025-01-22 11:46:15,374 - ERROR - Error creating visualization at step 376: Collections can only map rank 1 arrays
2025-01-22 11:46:15,437 - ERROR - Error creating visualization at step 377: Collections can only map rank 1 arrays
2025-01-22 11:46:15,501 - ERROR - Error creating visualization at step 378: Collections can only map rank 1 arrays
2025-01-22 11:46:15,564 - ERROR - Error creating visualization at step 379: Collections can only map rank 1 arrays
2025-01-22 11:46:15,595 - INFO - Step 380/500 completed (t=0.176)
2025-01-22 11:46:15,627 - ERROR - Error creating visualization at step 380: Collections can only map rank 1 arrays
2025-01-22 11:46:15,690 - ERROR - Error creating visualization at step 381: Collections can only map rank 1 arrays
2025-01-22 11:46:15,753 - ERROR - Error creating visualization at step 382: Collections can only map rank 1 arrays
2025-01-22 11:46:15,817 - ERROR - Error creating visualization at step 383: Collections can only map rank 1 arrays
2025-01-22 11:46:15,880 - ERROR - Error creating visualization at step 384: Collections can only map rank 1 arrays
2025-01-22 11:46:15,944 - ERROR - Error creating visualization at step 385: Collections can only map rank 1 arrays
2025-01-22 11:46:16,008 - ERROR - Error creating visualization at step 386: Collections can only map rank 1 arrays
2025-01-22 11:46:16,072 - ERROR - Error creating visualization at step 387: Collections can only map rank 1 arrays
2025-01-22 11:46:16,135 - ERROR - Error creating visualization at step 388: Collections can only map rank 1 arrays
2025-01-22 11:46:16,199 - ERROR - Error creating visualization at step 389: Collections can only map rank 1 arrays
2025-01-22 11:46:16,231 - INFO - Step 390/500 completed (t=0.178)
2025-01-22 11:46:16,263 - ERROR - Error creating visualization at step 390: Collections can only map rank 1 arrays
2025-01-22 11:46:16,327 - ERROR - Error creating visualization at step 391: Collections can only map rank 1 arrays
2025-01-22 11:46:16,391 - ERROR - Error creating visualization at step 392: Collections can only map rank 1 arrays
2025-01-22 11:46:16,455 - ERROR - Error creating visualization at step 393: Collections can only map rank 1 arrays
2025-01-22 11:46:16,518 - ERROR - Error creating visualization at step 394: Collections can only map rank 1 arrays
2025-01-22 11:46:16,582 - ERROR - Error creating visualization at step 395: Collections can only map rank 1 arrays
2025-01-22 11:46:16,645 - ERROR - Error creating visualization at step 396: Collections can only map rank 1 arrays
2025-01-22 11:46:16,709 - ERROR - Error creating visualization at step 397: Collections can only map rank 1 arrays
2025-01-22 11:46:16,772 - ERROR - Error creating visualization at step 398: Collections can only map rank 1 arrays
2025-01-22 11:46:16,835 - ERROR - Error creating visualization at step 399: Collections can only map rank 1 arrays
2025-01-22 11:46:16,866 - INFO - Step 400/500 completed (t=0.180)
2025-01-22 11:46:16,898 - ERROR - Error creating visualization at step 400: Collections can only map rank 1 arrays
2025-01-22 11:46:16,962 - ERROR - Error creating visualization at step 401: Collections can only map rank 1 arrays
2025-01-22 11:46:17,026 - ERROR - Error creating visualization at step 402: Collections can only map rank 1 arrays
2025-01-22 11:46:17,092 - ERROR - Error creating visualization at step 403: Collections can only map rank 1 arrays
2025-01-22 11:46:17,156 - ERROR - Error creating visualization at step 404: Collections can only map rank 1 arrays
2025-01-22 11:46:17,220 - ERROR - Error creating visualization at step 405: Collections can only map rank 1 arrays
2025-01-22 11:46:17,283 - ERROR - Error creating visualization at step 406: Collections can only map rank 1 arrays
2025-01-22 11:46:17,348 - ERROR - Error creating visualization at step 407: Collections can only map rank 1 arrays
2025-01-22 11:46:17,412 - ERROR - Error creating visualization at step 408: Collections can only map rank 1 arrays
2025-01-22 11:46:17,475 - ERROR - Error creating visualization at step 409: Collections can only map rank 1 arrays
2025-01-22 11:46:17,506 - INFO - Step 410/500 completed (t=0.182)
2025-01-22 11:46:17,538 - ERROR - Error creating visualization at step 410: Collections can only map rank 1 arrays
2025-01-22 11:46:17,602 - ERROR - Error creating visualization at step 411: Collections can only map rank 1 arrays
2025-01-22 11:46:17,668 - ERROR - Error creating visualization at step 412: Collections can only map rank 1 arrays
2025-01-22 11:46:17,731 - ERROR - Error creating visualization at step 413: Collections can only map rank 1 arrays
2025-01-22 11:46:17,795 - ERROR - Error creating visualization at step 414: Collections can only map rank 1 arrays
2025-01-22 11:46:17,858 - ERROR - Error creating visualization at step 415: Collections can only map rank 1 arrays
2025-01-22 11:46:17,922 - ERROR - Error creating visualization at step 416: Collections can only map rank 1 arrays
2025-01-22 11:46:17,986 - ERROR - Error creating visualization at step 417: Collections can only map rank 1 arrays
2025-01-22 11:46:18,050 - ERROR - Error creating visualization at step 418: Collections can only map rank 1 arrays
2025-01-22 11:46:18,113 - ERROR - Error creating visualization at step 419: Collections can only map rank 1 arrays
2025-01-22 11:46:18,145 - INFO - Step 420/500 completed (t=0.184)
2025-01-22 11:46:18,177 - ERROR - Error creating visualization at step 420: Collections can only map rank 1 arrays
2025-01-22 11:46:18,241 - ERROR - Error creating visualization at step 421: Collections can only map rank 1 arrays
2025-01-22 11:46:18,306 - ERROR - Error creating visualization at step 422: Collections can only map rank 1 arrays
2025-01-22 11:46:18,370 - ERROR - Error creating visualization at step 423: Collections can only map rank 1 arrays
2025-01-22 11:46:18,434 - ERROR - Error creating visualization at step 424: Collections can only map rank 1 arrays
2025-01-22 11:46:18,497 - ERROR - Error creating visualization at step 425: Collections can only map rank 1 arrays
2025-01-22 11:46:18,561 - ERROR - Error creating visualization at step 426: Collections can only map rank 1 arrays
2025-01-22 11:46:18,625 - ERROR - Error creating visualization at step 427: Collections can only map rank 1 arrays
2025-01-22 11:46:18,689 - ERROR - Error creating visualization at step 428: Collections can only map rank 1 arrays
2025-01-22 11:46:18,753 - ERROR - Error creating visualization at step 429: Collections can only map rank 1 arrays
2025-01-22 11:46:18,784 - INFO - Step 430/500 completed (t=0.186)
2025-01-22 11:46:18,817 - ERROR - Error creating visualization at step 430: Collections can only map rank 1 arrays
2025-01-22 11:46:18,881 - ERROR - Error creating visualization at step 431: Collections can only map rank 1 arrays
2025-01-22 11:46:18,945 - ERROR - Error creating visualization at step 432: Collections can only map rank 1 arrays
2025-01-22 11:46:19,010 - ERROR - Error creating visualization at step 433: Collections can only map rank 1 arrays
2025-01-22 11:46:19,073 - ERROR - Error creating visualization at step 434: Collections can only map rank 1 arrays
2025-01-22 11:46:19,137 - ERROR - Error creating visualization at step 435: Collections can only map rank 1 arrays
2025-01-22 11:46:19,783 - ERROR - Error creating visualization at step 436: Collections can only map rank 1 arrays
2025-01-22 11:46:19,849 - ERROR - Error creating visualization at step 437: Collections can only map rank 1 arrays
2025-01-22 11:46:19,914 - ERROR - Error creating visualization at step 438: Collections can only map rank 1 arrays
2025-01-22 11:46:19,982 - ERROR - Error creating visualization at step 439: Collections can only map rank 1 arrays
2025-01-22 11:46:20,015 - INFO - Step 440/500 completed (t=0.188)
2025-01-22 11:46:20,049 - ERROR - Error creating visualization at step 440: Collections can only map rank 1 arrays
2025-01-22 11:46:20,114 - ERROR - Error creating visualization at step 441: Collections can only map rank 1 arrays
2025-01-22 11:46:20,180 - ERROR - Error creating visualization at step 442: Collections can only map rank 1 arrays
2025-01-22 11:46:20,244 - ERROR - Error creating visualization at step 443: Collections can only map rank 1 arrays
2025-01-22 11:46:20,308 - ERROR - Error creating visualization at step 444: Collections can only map rank 1 arrays
2025-01-22 11:46:20,372 - ERROR - Error creating visualization at step 445: Collections can only map rank 1 arrays
2025-01-22 11:46:20,436 - ERROR - Error creating visualization at step 446: Collections can only map rank 1 arrays
2025-01-22 11:46:20,501 - ERROR - Error creating visualization at step 447: Collections can only map rank 1 arrays
2025-01-22 11:46:20,565 - ERROR - Error creating visualization at step 448: Collections can only map rank 1 arrays
2025-01-22 11:46:20,629 - ERROR - Error creating visualization at step 449: Collections can only map rank 1 arrays
2025-01-22 11:46:20,662 - INFO - Step 450/500 completed (t=0.190)
2025-01-22 11:46:20,695 - ERROR - Error creating visualization at step 450: Collections can only map rank 1 arrays
2025-01-22 11:46:20,759 - ERROR - Error creating visualization at step 451: Collections can only map rank 1 arrays
2025-01-22 11:46:20,824 - ERROR - Error creating visualization at step 452: Collections can only map rank 1 arrays
2025-01-22 11:46:20,889 - ERROR - Error creating visualization at step 453: Collections can only map rank 1 arrays
2025-01-22 11:46:20,955 - ERROR - Error creating visualization at step 454: Collections can only map rank 1 arrays
2025-01-22 11:46:21,021 - ERROR - Error creating visualization at step 455: Collections can only map rank 1 arrays
2025-01-22 11:46:21,085 - ERROR - Error creating visualization at step 456: Collections can only map rank 1 arrays
2025-01-22 11:46:21,150 - ERROR - Error creating visualization at step 457: Collections can only map rank 1 arrays
2025-01-22 11:46:21,213 - ERROR - Error creating visualization at step 458: Collections can only map rank 1 arrays
2025-01-22 11:46:21,278 - ERROR - Error creating visualization at step 459: Collections can only map rank 1 arrays
2025-01-22 11:46:21,310 - INFO - Step 460/500 completed (t=0.192)
2025-01-22 11:46:21,342 - ERROR - Error creating visualization at step 460: Collections can only map rank 1 arrays
2025-01-22 11:46:21,405 - ERROR - Error creating visualization at step 461: Collections can only map rank 1 arrays
2025-01-22 11:46:21,469 - ERROR - Error creating visualization at step 462: Collections can only map rank 1 arrays
2025-01-22 11:46:21,533 - ERROR - Error creating visualization at step 463: Collections can only map rank 1 arrays
2025-01-22 11:46:21,597 - ERROR - Error creating visualization at step 464: Collections can only map rank 1 arrays
2025-01-22 11:46:21,661 - ERROR - Error creating visualization at step 465: Collections can only map rank 1 arrays
2025-01-22 11:46:21,727 - ERROR - Error creating visualization at step 466: Collections can only map rank 1 arrays
2025-01-22 11:46:21,790 - ERROR - Error creating visualization at step 467: Collections can only map rank 1 arrays
2025-01-22 11:46:21,858 - ERROR - Error creating visualization at step 468: Collections can only map rank 1 arrays
2025-01-22 11:46:21,922 - ERROR - Error creating visualization at step 469: Collections can only map rank 1 arrays
2025-01-22 11:46:21,954 - INFO - Step 470/500 completed (t=0.194)
2025-01-22 11:46:21,987 - ERROR - Error creating visualization at step 470: Collections can only map rank 1 arrays
2025-01-22 11:46:22,051 - ERROR - Error creating visualization at step 471: Collections can only map rank 1 arrays
2025-01-22 11:46:22,115 - ERROR - Error creating visualization at step 472: Collections can only map rank 1 arrays
2025-01-22 11:46:22,180 - ERROR - Error creating visualization at step 473: Collections can only map rank 1 arrays
2025-01-22 11:46:22,244 - ERROR - Error creating visualization at step 474: Collections can only map rank 1 arrays
2025-01-22 11:46:22,309 - ERROR - Error creating visualization at step 475: Collections can only map rank 1 arrays
2025-01-22 11:46:22,375 - ERROR - Error creating visualization at step 476: Collections can only map rank 1 arrays
2025-01-22 11:46:22,441 - ERROR - Error creating visualization at step 477: Collections can only map rank 1 arrays
2025-01-22 11:46:22,505 - ERROR - Error creating visualization at step 478: Collections can only map rank 1 arrays
2025-01-22 11:46:22,571 - ERROR - Error creating visualization at step 479: Collections can only map rank 1 arrays
2025-01-22 11:46:22,603 - INFO - Step 480/500 completed (t=0.196)
2025-01-22 11:46:22,636 - ERROR - Error creating visualization at step 480: Collections can only map rank 1 arrays
2025-01-22 11:46:22,699 - ERROR - Error creating visualization at step 481: Collections can only map rank 1 arrays
2025-01-22 11:46:22,763 - ERROR - Error creating visualization at step 482: Collections can only map rank 1 arrays
2025-01-22 11:46:22,827 - ERROR - Error creating visualization at step 483: Collections can only map rank 1 arrays
2025-01-22 11:46:22,891 - ERROR - Error creating visualization at step 484: Collections can only map rank 1 arrays
2025-01-22 11:46:22,956 - ERROR - Error creating visualization at step 485: Collections can only map rank 1 arrays
2025-01-22 11:46:23,021 - ERROR - Error creating visualization at step 486: Collections can only map rank 1 arrays
2025-01-22 11:46:23,086 - ERROR - Error creating visualization at step 487: Collections can only map rank 1 arrays
2025-01-22 11:46:23,151 - ERROR - Error creating visualization at step 488: Collections can only map rank 1 arrays
2025-01-22 11:46:23,215 - ERROR - Error creating visualization at step 489: Collections can only map rank 1 arrays
2025-01-22 11:46:23,247 - INFO - Step 490/500 completed (t=0.198)
2025-01-22 11:46:23,279 - ERROR - Error creating visualization at step 490: Collections can only map rank 1 arrays
2025-01-22 11:46:23,344 - ERROR - Error creating visualization at step 491: Collections can only map rank 1 arrays
2025-01-22 11:46:23,408 - ERROR - Error creating visualization at step 492: Collections can only map rank 1 arrays
2025-01-22 11:46:23,473 - ERROR - Error creating visualization at step 493: Collections can only map rank 1 arrays
2025-01-22 11:46:23,537 - ERROR - Error creating visualization at step 494: Collections can only map rank 1 arrays
2025-01-22 11:46:23,601 - ERROR - Error creating visualization at step 495: Collections can only map rank 1 arrays
2025-01-22 11:46:23,667 - ERROR - Error creating visualization at step 496: Collections can only map rank 1 arrays
2025-01-22 11:46:23,731 - ERROR - Error creating visualization at step 497: Collections can only map rank 1 arrays
2025-01-22 11:46:23,796 - ERROR - Error creating visualization at step 498: Collections can only map rank 1 arrays
2025-01-22 11:46:23,860 - ERROR - Error creating visualization at step 499: Collections can only map rank 1 arrays
2025-01-22 11:46:23,891 - INFO - Step 500/500 completed (t=0.200)
2025-01-22 11:46:23,924 - ERROR - Error creating visualization at step 500: Collections can only map rank 1 arrays
2025-01-22 11:46:23,924 - INFO - Simulation completed. Total execution time: 34.62 seconds
2025-01-22 11:46:23,926 - INFO - Simulation results saved to: /Users/ivareftedal/school/inf202_project/INF202/results/input/simulation_results.txt
2025-01-22 11:46:23,926 - INFO - Creating simulation video...
2025-01-22 11:46:23,926 - INFO - Video creation completed
